app/build/outputs/logs/manifest-merger-debug-report.txt
-- Merging decision tree log ---
manifest
ADDED from src/main/AndroidManifest.xml:2:1-683:12
INJECTED from src/main/AndroidManifest.xml:2:1-683:12
INJECTED from src/main/AndroidManifest.xml:2:1-683:12
INJECTED from src/main/AndroidManifest.xml:2:1-683:12
MERGED from [com.wdullaer:materialdatetimepicker:3.2.0] AndroidManifest.xml:17:1-30:12
MERGED from [com.android.support:design:27.1.1] AndroidManifest.xml:17:1-22:12
MERGED from [com.github.pchmn:MaterialChipsInput:1.0.5] AndroidManifest.xml:2:1-17:12
MERGED from [com.crystal:crystalrangeseekbar:1.1.3] AndroidManifest.xml:2:1-17:12
MERGED from [com.android.support:appcompat-v7:27.1.1] AndroidManifest.xml:17:1-22:12
MERGED from [com.android.support:cardview-v7:27.1.1] AndroidManifest.xml:17:1-22:12
MERGED from [com.android.support:recyclerview-v7:27.1.1] AndroidManifest.xml:17:1-22:12
MERGED from [com.android.support:support-v13:27.1.1] AndroidManifest.xml:17:1-22:12
MERGED from [com.android.support.constraint:constraint-layout:1.1.2] AndroidManifest.xml:2:1-11:12
MERGED from [com.android.support:animated-vector-drawable:27.1.1] AndroidManifest.xml:17:1-22:12
MERGED from [com.android.support:support-vector-drawable:27.1.1] AndroidManifest.xml:17:1-22:12
MERGED from [com.google.android.gms:play-services-places:15.0.1] AndroidManifest.xml:17:1-24:12
MERGED from [com.google.android.gms:play-services-maps:15.0.1] AndroidManifest.xml:17:1-32:12
MERGED from [com.balysv:material-ripple:1.0.2] AndroidManifest.xml:2:1-14:12
MERGED from [com.mikhaellopez:circularimageview:3.2.0] AndroidManifest.xml:2:1-11:12
MERGED from [com.hootsuite.android:nachos:1.1.1] AndroidManifest.xml:2:1-11:12
MERGED from [com.google.android:flexbox:0.3.2] AndroidManifest.xml:17:1-27:12
MERGED from [com.google.android.gms:play-services-base:15.0.1] AndroidManifest.xml:17:1-29:12
MERGED from [com.google.android.gms:play-services-places-placereport:15.0.1] AndroidManifest.xml:17:1-24:12
MERGED from [com.google.android.gms:play-services-tasks:15.0.1] AndroidManifest.xml:2:1-9:12
MERGED from [com.google.android.gms:play-services-basement:15.0.1] AndroidManifest.xml:17:1-28:12
MERGED from [com.android.support:support-v4:27.1.1] AndroidManifest.xml:17:1-22:12
MERGED from [com.android.support:support-fragment:27.1.1] AndroidManifest.xml:17:1-22:12
MERGED from [com.android.support:support-core-ui:27.1.1] AndroidManifest.xml:17:1-22:12
MERGED from [com.android.support:support-core-utils:27.1.1] AndroidManifest.xml:17:1-22:12
MERGED from [com.android.support:transition:27.1.1] AndroidManifest.xml:17:1-22:12
MERGED from [com.jakewharton:butterknife:8.5.1] AndroidManifest.xml:2:1-7:12
MERGED from [com.android.support:support-media-compat:27.1.1] AndroidManifest.xml:17:1-22:12
MERGED from [com.android.support:support-compat:27.1.1] AndroidManifest.xml:17:1-22:12
MERGED from [com.beloo.widget:ChipsLayoutManager:0.3.7] AndroidManifest.xml:2:1-12:12
MERGED from [de.hdodenhof:circleimageview:2.1.0] AndroidManifest.xml:2:1-11:12
MERGED from [android.arch.lifecycle:livedata-core:1.1.0] AndroidManifest.xml:17:1-22:12
MERGED from [android.arch.lifecycle:viewmodel:1.1.0] AndroidManifest.xml:17:1-22:12
MERGED from [android.arch.lifecycle:runtime:1.1.0] AndroidManifest.xml:17:1-22:12
MERGED from [android.arch.core:runtime:1.1.0] AndroidManifest.xml:17:1-22:12
INJECTED from src/main/AndroidManifest.xml:2:1-683:12
INJECTED from src/main/AndroidManifest.xml:2:1-683:12
INJECTED from src/main/AndroidManifest.xml:2:1-683:12
	package
		ADDED from src/main/AndroidManifest.xml:3:5-38
		INJECTED from src/main/AndroidManifest.xml
		INJECTED from src/main/AndroidManifest.xml
	android:versionName
		INJECTED from src/main/AndroidManifest.xml
		ADDED from src/main/AndroidManifest.xml:2:1-683:12
		INJECTED from src/main/AndroidManifest.xml
	android:versionCode
		INJECTED from src/main/AndroidManifest.xml
		ADDED from src/main/AndroidManifest.xml:2:1-683:12
		INJECTED from src/main/AndroidManifest.xml
	xmlns:android
		ADDED from src/main/AndroidManifest.xml:2:11-69
uses-permission#android.permission.ACCESS_NETWORK_STATE
ADDED from src/main/AndroidManifest.xml:5:5-79
MERGED from [com.google.android.gms:play-services-maps:15.0.1] AndroidManifest.xml:23:5-79
MERGED from [com.google.android.gms:play-services-maps:15.0.1] AndroidManifest.xml:23:5-79
	android:name
		ADDED from src/main/AndroidManifest.xml:5:22-76
uses-permission#android.permission.INTERNET
ADDED from src/main/AndroidManifest.xml:6:5-67
MERGED from [com.google.android.gms:play-services-maps:15.0.1] AndroidManifest.xml:24:5-67
MERGED from [com.google.android.gms:play-services-maps:15.0.1] AndroidManifest.xml:24:5-67
	android:name
		ADDED from src/main/AndroidManifest.xml:6:22-64
application
ADDED from src/main/AndroidManifest.xml:8:5-681:19
MERGED from [com.wdullaer:materialdatetimepicker:3.2.0] AndroidManifest.xml:28:5-20
MERGED from [com.wdullaer:materialdatetimepicker:3.2.0] AndroidManifest.xml:28:5-20
MERGED from [com.github.pchmn:MaterialChipsInput:1.0.5] AndroidManifest.xml:11:5-15:19
MERGED from [com.github.pchmn:MaterialChipsInput:1.0.5] AndroidManifest.xml:11:5-15:19
MERGED from [com.crystal:crystalrangeseekbar:1.1.3] AndroidManifest.xml:11:5-15:19
MERGED from [com.crystal:crystalrangeseekbar:1.1.3] AndroidManifest.xml:11:5-15:19
MERGED from [com.android.support.constraint:constraint-layout:1.1.2] AndroidManifest.xml:9:5-20
MERGED from [com.android.support.constraint:constraint-layout:1.1.2] AndroidManifest.xml:9:5-20
MERGED from [com.google.android.gms:play-services-places:15.0.1] AndroidManifest.xml:22:5-20
MERGED from [com.google.android.gms:play-services-places:15.0.1] AndroidManifest.xml:22:5-20
MERGED from [com.google.android.gms:play-services-maps:15.0.1] AndroidManifest.xml:30:5-20
MERGED from [com.google.android.gms:play-services-maps:15.0.1] AndroidManifest.xml:30:5-20
MERGED from [com.balysv:material-ripple:1.0.2] AndroidManifest.xml:12:5-20
MERGED from [com.balysv:material-ripple:1.0.2] AndroidManifest.xml:12:5-20
MERGED from [com.google.android.gms:play-services-base:15.0.1] AndroidManifest.xml:22:5-27:19
MERGED from [com.google.android.gms:play-services-base:15.0.1] AndroidManifest.xml:22:5-27:19
MERGED from [com.google.android.gms:play-services-places-placereport:15.0.1] AndroidManifest.xml:22:5-20
MERGED from [com.google.android.gms:play-services-places-placereport:15.0.1] AndroidManifest.xml:22:5-20
MERGED from [com.google.android.gms:play-services-tasks:15.0.1] AndroidManifest.xml:7:5-20
MERGED from [com.google.android.gms:play-services-tasks:15.0.1] AndroidManifest.xml:7:5-20
MERGED from [com.google.android.gms:play-services-basement:15.0.1] AndroidManifest.xml:22:5-26:19
MERGED from [com.google.android.gms:play-services-basement:15.0.1] AndroidManifest.xml:22:5-26:19
MERGED from [de.hdodenhof:circleimageview:2.1.0] AndroidManifest.xml:9:5-20
MERGED from [de.hdodenhof:circleimageview:2.1.0] AndroidManifest.xml:9:5-20
	android:supportsRtl
		ADDED from src/main/AndroidManifest.xml:13:9-35
	android:label
		ADDED from src/main/AndroidManifest.xml:11:9-41
	android:roundIcon
		ADDED from src/main/AndroidManifest.xml:12:9-54
	android:icon
		ADDED from src/main/AndroidManifest.xml:10:9-43
	android:allowBackup
		ADDED from src/main/AndroidManifest.xml:9:9-35
	android:theme
		ADDED from src/main/AndroidManifest.xml:14:9-40
uses-library#com.google.android.maps
ADDED from src/main/AndroidManifest.xml:17:9-64
	android:name
		ADDED from src/main/AndroidManifest.xml:17:23-61
meta-data#com.google.android.geo.API_KEY
ADDED from src/main/AndroidManifest.xml:20:9-22:55
	android:value
		ADDED from src/main/AndroidManifest.xml:22:13-52
	android:name
		ADDED from src/main/AndroidManifest.xml:21:13-58
activity#com.material.components.activity.MainMenu
ADDED from src/main/AndroidManifest.xml:24:9-32:20
	android:screenOrientation
		ADDED from src/main/AndroidManifest.xml:27:13-49
	android:label
		ADDED from src/main/AndroidManifest.xml:26:13-45
	android:name
		ADDED from src/main/AndroidManifest.xml:25:13-46
intent-filter#action:name:android.intent.action.MAIN+category:name:android.intent.category.LAUNCHER
ADDED from src/main/AndroidManifest.xml:28:13-31:29
action#android.intent.action.MAIN
ADDED from src/main/AndroidManifest.xml:29:17-69
	android:name
		ADDED from src/main/AndroidManifest.xml:29:25-66
category#android.intent.category.LAUNCHER
ADDED from src/main/AndroidManifest.xml:30:17-77
	android:name
		ADDED from src/main/AndroidManifest.xml:30:27-74
activity#com.material.components.activity.bottomnavigation.BottomNavigationBasic
ADDED from src/main/AndroidManifest.xml:33:9-35:52
	android:screenOrientation
		ADDED from src/main/AndroidManifest.xml:35:13-49
	android:name
		ADDED from src/main/AndroidManifest.xml:34:13-76
activity#com.material.components.activity.bottomnavigation.BottomNavigationShifting
ADDED from src/main/AndroidManifest.xml:36:9-38:52
	android:screenOrientation
		ADDED from src/main/AndroidManifest.xml:38:13-49
	android:name
		ADDED from src/main/AndroidManifest.xml:37:13-79
activity#com.material.components.activity.bottomsheet.BottomSheetBasic
ADDED from src/main/AndroidManifest.xml:39:9-41:52
	android:screenOrientation
		ADDED from src/main/AndroidManifest.xml:41:13-49
	android:name
		ADDED from src/main/AndroidManifest.xml:40:13-66
activity#com.material.components.activity.bottomsheet.BottomSheetList
ADDED from src/main/AndroidManifest.xml:42:9-44:52
	android:screenOrientation
		ADDED from src/main/AndroidManifest.xml:44:13-49
	android:name
		ADDED from src/main/AndroidManifest.xml:43:13-65
activity#com.material.components.activity.button.ButtonBasic
ADDED from src/main/AndroidManifest.xml:45:9-47:52
	android:screenOrientation
		ADDED from src/main/AndroidManifest.xml:47:13-49
	android:name
		ADDED from src/main/AndroidManifest.xml:46:13-56
activity#com.material.components.activity.card.CardBasic
ADDED from src/main/AndroidManifest.xml:48:9-50:52
	android:screenOrientation
		ADDED from src/main/AndroidManifest.xml:50:13-49
	android:name
		ADDED from src/main/AndroidManifest.xml:49:13-52
activity#com.material.components.activity.chip.ChipBasic
ADDED from src/main/AndroidManifest.xml:51:9-53:52
	android:screenOrientation
		ADDED from src/main/AndroidManifest.xml:53:13-49
	android:name
		ADDED from src/main/AndroidManifest.xml:52:13-52
activity#com.material.components.activity.dialog.DialogBasic
ADDED from src/main/AndroidManifest.xml:54:9-56:52
	android:screenOrientation
		ADDED from src/main/AndroidManifest.xml:56:13-49
	android:name
		ADDED from src/main/AndroidManifest.xml:55:13-56
activity#com.material.components.activity.expansionpanel.ExpansionPanelBasic
ADDED from src/main/AndroidManifest.xml:57:9-59:52
	android:screenOrientation
		ADDED from src/main/AndroidManifest.xml:59:13-49
	android:name
		ADDED from src/main/AndroidManifest.xml:58:13-72
activity#com.material.components.activity.gridlist.GridBasic
ADDED from src/main/AndroidManifest.xml:60:9-62:52
	android:screenOrientation
		ADDED from src/main/AndroidManifest.xml:62:13-49
	android:name
		ADDED from src/main/AndroidManifest.xml:61:13-56
activity#com.material.components.activity.list.ListBasic
ADDED from src/main/AndroidManifest.xml:63:9-65:52
	android:screenOrientation
		ADDED from src/main/AndroidManifest.xml:65:13-49
	android:name
		ADDED from src/main/AndroidManifest.xml:64:13-52
activity#com.material.components.activity.picker.PickerTimeDark
ADDED from src/main/AndroidManifest.xml:66:9-68:52
	android:screenOrientation
		ADDED from src/main/AndroidManifest.xml:68:13-49
	android:name
		ADDED from src/main/AndroidManifest.xml:67:13-59
activity#com.material.components.activity.progressactivity.ProgressBasic
ADDED from src/main/AndroidManifest.xml:69:9-71:52
	android:screenOrientation
		ADDED from src/main/AndroidManifest.xml:71:13-49
	android:name
		ADDED from src/main/AndroidManifest.xml:70:13-68
activity#com.material.components.activity.slider.SliderLight
ADDED from src/main/AndroidManifest.xml:72:9-74:52
	android:screenOrientation
		ADDED from src/main/AndroidManifest.xml:74:13-49
	android:name
		ADDED from src/main/AndroidManifest.xml:73:13-56
activity#com.material.components.activity.slider.SliderDark
ADDED from src/main/AndroidManifest.xml:75:9-77:52
	android:screenOrientation
		ADDED from src/main/AndroidManifest.xml:77:13-49
	android:name
		ADDED from src/main/AndroidManifest.xml:76:13-55
activity#com.material.components.activity.snackbartoast.SnackbarToastBasic
ADDED from src/main/AndroidManifest.xml:78:9-80:52
	android:screenOrientation
		ADDED from src/main/AndroidManifest.xml:80:13-49
	android:name
		ADDED from src/main/AndroidManifest.xml:79:13-70
activity#com.material.components.activity.stepper.StepperText
ADDED from src/main/AndroidManifest.xml:81:9-83:52
	android:screenOrientation
		ADDED from src/main/AndroidManifest.xml:83:13-49
	android:name
		ADDED from src/main/AndroidManifest.xml:82:13-57
activity#com.material.components.activity.tabs.TabsBasic
ADDED from src/main/AndroidManifest.xml:84:9-86:52
	android:screenOrientation
		ADDED from src/main/AndroidManifest.xml:86:13-49
	android:name
		ADDED from src/main/AndroidManifest.xml:85:13-52
activity#com.material.components.activity.form.FormLogin
ADDED from src/main/AndroidManifest.xml:87:9-89:52
	android:screenOrientation
		ADDED from src/main/AndroidManifest.xml:89:13-49
	android:name
		ADDED from src/main/AndroidManifest.xml:88:13-52
activity#com.material.components.activity.toolbar.ToolbarBasic
ADDED from src/main/AndroidManifest.xml:90:9-92:52
	android:screenOrientation
		ADDED from src/main/AndroidManifest.xml:92:13-49
	android:name
		ADDED from src/main/AndroidManifest.xml:91:13-58
activity#com.material.components.activity.button.FabMiddle
ADDED from src/main/AndroidManifest.xml:93:9-95:52
	android:screenOrientation
		ADDED from src/main/AndroidManifest.xml:95:13-49
	android:name
		ADDED from src/main/AndroidManifest.xml:94:13-54
activity#com.material.components.activity.button.ButtonInUtilities
ADDED from src/main/AndroidManifest.xml:96:9-98:52
	android:screenOrientation
		ADDED from src/main/AndroidManifest.xml:98:13-49
	android:name
		ADDED from src/main/AndroidManifest.xml:97:13-62
activity#com.material.components.activity.card.CardTimeline
ADDED from src/main/AndroidManifest.xml:99:9-101:52
	android:screenOrientation
		ADDED from src/main/AndroidManifest.xml:101:13-49
	android:name
		ADDED from src/main/AndroidManifest.xml:100:13-55
activity#com.material.components.activity.dialog.DialogFullscreen
ADDED from src/main/AndroidManifest.xml:102:9-104:52
	android:screenOrientation
		ADDED from src/main/AndroidManifest.xml:104:13-49
	android:name
		ADDED from src/main/AndroidManifest.xml:103:13-61
activity#com.material.components.activity.dialog.DialogCustom
ADDED from src/main/AndroidManifest.xml:105:9-107:52
	android:screenOrientation
		ADDED from src/main/AndroidManifest.xml:107:13-49
	android:name
		ADDED from src/main/AndroidManifest.xml:106:13-57
activity#com.material.components.activity.expansionpanel.ExpansionPanelTicket
ADDED from src/main/AndroidManifest.xml:108:9-110:52
	android:screenOrientation
		ADDED from src/main/AndroidManifest.xml:110:13-49
	android:name
		ADDED from src/main/AndroidManifest.xml:109:13-73
activity#com.material.components.activity.expansionpanel.ExpansionPanelInvoice
ADDED from src/main/AndroidManifest.xml:111:9-113:52
	android:screenOrientation
		ADDED from src/main/AndroidManifest.xml:113:13-49
	android:name
		ADDED from src/main/AndroidManifest.xml:112:13-74
activity#com.material.components.activity.gridlist.GridSingleLine
ADDED from src/main/AndroidManifest.xml:114:9-116:52
	android:screenOrientation
		ADDED from src/main/AndroidManifest.xml:116:13-49
	android:name
		ADDED from src/main/AndroidManifest.xml:115:13-61
activity#com.material.components.activity.gridlist.GridSectioned
ADDED from src/main/AndroidManifest.xml:117:9-119:52
	android:screenOrientation
		ADDED from src/main/AndroidManifest.xml:119:13-49
	android:name
		ADDED from src/main/AndroidManifest.xml:118:13-60
activity#com.material.components.activity.list.ListSectioned
ADDED from src/main/AndroidManifest.xml:120:9-122:52
	android:screenOrientation
		ADDED from src/main/AndroidManifest.xml:122:13-49
	android:name
		ADDED from src/main/AndroidManifest.xml:121:13-56
activity#com.material.components.activity.list.ListExpand
ADDED from src/main/AndroidManifest.xml:123:9-125:52
	android:screenOrientation
		ADDED from src/main/AndroidManifest.xml:125:13-49
	android:name
		ADDED from src/main/AndroidManifest.xml:124:13-53
activity#com.material.components.activity.list.ListDrag
ADDED from src/main/AndroidManifest.xml:126:9-128:52
	android:screenOrientation
		ADDED from src/main/AndroidManifest.xml:128:13-49
	android:name
		ADDED from src/main/AndroidManifest.xml:127:13-51
activity#com.material.components.activity.list.ListSwipe
ADDED from src/main/AndroidManifest.xml:129:9-131:52
	android:screenOrientation
		ADDED from src/main/AndroidManifest.xml:131:13-49
	android:name
		ADDED from src/main/AndroidManifest.xml:130:13-52
activity#com.material.components.activity.list.ListAnimation
ADDED from src/main/AndroidManifest.xml:132:9-134:52
	android:screenOrientation
		ADDED from src/main/AndroidManifest.xml:134:13-49
	android:name
		ADDED from src/main/AndroidManifest.xml:133:13-56
activity#com.material.components.activity.menu.MenuDrawerNews
ADDED from src/main/AndroidManifest.xml:135:9-137:52
	android:screenOrientation
		ADDED from src/main/AndroidManifest.xml:137:13-49
	android:name
		ADDED from src/main/AndroidManifest.xml:136:13-57
activity#com.material.components.activity.menu.MenuDrawerMail
ADDED from src/main/AndroidManifest.xml:138:9-140:52
	android:screenOrientation
		ADDED from src/main/AndroidManifest.xml:140:13-49
	android:name
		ADDED from src/main/AndroidManifest.xml:139:13-57
activity#com.material.components.activity.menu.MenuDrawerSimpleLight
ADDED from src/main/AndroidManifest.xml:141:9-143:52
	android:screenOrientation
		ADDED from src/main/AndroidManifest.xml:143:13-49
	android:name
		ADDED from src/main/AndroidManifest.xml:142:13-64
activity#com.material.components.activity.menu.MenuDrawerSimpleDark
ADDED from src/main/AndroidManifest.xml:144:9-146:52
	android:screenOrientation
		ADDED from src/main/AndroidManifest.xml:146:13-49
	android:name
		ADDED from src/main/AndroidManifest.xml:145:13-63
activity#com.material.components.activity.menu.MenuDrawerNoIcon
ADDED from src/main/AndroidManifest.xml:147:9-149:52
	android:screenOrientation
		ADDED from src/main/AndroidManifest.xml:149:13-49
	android:name
		ADDED from src/main/AndroidManifest.xml:148:13-59
activity#com.material.components.activity.picker.PickerDateLight
ADDED from src/main/AndroidManifest.xml:150:9-152:52
	android:screenOrientation
		ADDED from src/main/AndroidManifest.xml:152:13-49
	android:name
		ADDED from src/main/AndroidManifest.xml:151:13-60
activity#com.material.components.activity.picker.PickerDateDark
ADDED from src/main/AndroidManifest.xml:153:9-155:52
	android:screenOrientation
		ADDED from src/main/AndroidManifest.xml:155:13-49
	android:name
		ADDED from src/main/AndroidManifest.xml:154:13-59
activity#com.material.components.activity.picker.PickerTimeLight
ADDED from src/main/AndroidManifest.xml:156:9-158:52
	android:screenOrientation
		ADDED from src/main/AndroidManifest.xml:158:13-49
	android:name
		ADDED from src/main/AndroidManifest.xml:157:13-60
activity#com.material.components.activity.progressactivity.ProgressPullRefresh
ADDED from src/main/AndroidManifest.xml:159:9-161:52
	android:screenOrientation
		ADDED from src/main/AndroidManifest.xml:161:13-49
	android:name
		ADDED from src/main/AndroidManifest.xml:160:13-74
activity#com.material.components.activity.progressactivity.ProgressOnScroll
ADDED from src/main/AndroidManifest.xml:162:9-164:52
	android:screenOrientation
		ADDED from src/main/AndroidManifest.xml:164:13-49
	android:name
		ADDED from src/main/AndroidManifest.xml:163:13-71
activity#com.material.components.activity.progressactivity.ProgressLinearCenter
ADDED from src/main/AndroidManifest.xml:165:9-167:52
	android:screenOrientation
		ADDED from src/main/AndroidManifest.xml:167:13-49
	android:name
		ADDED from src/main/AndroidManifest.xml:166:13-75
activity#com.material.components.activity.slider.SliderColorPicker
ADDED from src/main/AndroidManifest.xml:168:9-170:52
	android:screenOrientation
		ADDED from src/main/AndroidManifest.xml:170:13-49
	android:name
		ADDED from src/main/AndroidManifest.xml:169:13-62
activity#com.material.components.activity.snackbartoast.SnackbarAndFab
ADDED from src/main/AndroidManifest.xml:171:9-173:52
	android:screenOrientation
		ADDED from src/main/AndroidManifest.xml:173:13-49
	android:name
		ADDED from src/main/AndroidManifest.xml:172:13-66
activity#com.material.components.activity.stepper.StepperVertical
ADDED from src/main/AndroidManifest.xml:174:9-176:52
	android:screenOrientation
		ADDED from src/main/AndroidManifest.xml:176:13-49
	android:name
		ADDED from src/main/AndroidManifest.xml:175:13-61
activity#com.material.components.activity.stepper.StepperProgress
ADDED from src/main/AndroidManifest.xml:177:9-179:52
	android:screenOrientation
		ADDED from src/main/AndroidManifest.xml:179:13-49
	android:name
		ADDED from src/main/AndroidManifest.xml:178:13-61
activity#com.material.components.activity.stepper.StepperWizardLight
ADDED from src/main/AndroidManifest.xml:180:9-182:52
	android:screenOrientation
		ADDED from src/main/AndroidManifest.xml:182:13-49
	android:name
		ADDED from src/main/AndroidManifest.xml:181:13-64
activity#com.material.components.activity.tabs.TabsIcon
ADDED from src/main/AndroidManifest.xml:183:9-185:52
	android:screenOrientation
		ADDED from src/main/AndroidManifest.xml:185:13-49
	android:name
		ADDED from src/main/AndroidManifest.xml:184:13-51
activity#com.material.components.activity.tabs.TabsTextIcon
ADDED from src/main/AndroidManifest.xml:186:9-188:52
	android:screenOrientation
		ADDED from src/main/AndroidManifest.xml:188:13-49
	android:name
		ADDED from src/main/AndroidManifest.xml:187:13-55
activity#com.material.components.activity.tabs.TabsLight
ADDED from src/main/AndroidManifest.xml:189:9-191:52
	android:screenOrientation
		ADDED from src/main/AndroidManifest.xml:191:13-49
	android:name
		ADDED from src/main/AndroidManifest.xml:190:13-52
activity#com.material.components.activity.tabs.TabsStore
ADDED from src/main/AndroidManifest.xml:192:9-194:52
	android:screenOrientation
		ADDED from src/main/AndroidManifest.xml:194:13-49
	android:name
		ADDED from src/main/AndroidManifest.xml:193:13-52
activity#com.material.components.activity.toolbar.ToolbarCollapse
ADDED from src/main/AndroidManifest.xml:195:9-197:52
	android:screenOrientation
		ADDED from src/main/AndroidManifest.xml:197:13-49
	android:name
		ADDED from src/main/AndroidManifest.xml:196:13-61
activity#com.material.components.activity.toolbar.ToolbarCollapsePin
ADDED from src/main/AndroidManifest.xml:198:9-200:52
	android:screenOrientation
		ADDED from src/main/AndroidManifest.xml:200:13-49
	android:name
		ADDED from src/main/AndroidManifest.xml:199:13-64
activity#com.material.components.activity.form.FormProfileData
ADDED from src/main/AndroidManifest.xml:201:9-203:52
	android:screenOrientation
		ADDED from src/main/AndroidManifest.xml:203:13-49
	android:name
		ADDED from src/main/AndroidManifest.xml:202:13-58
activity#com.material.components.activity.form.FormWithIcon
ADDED from src/main/AndroidManifest.xml:204:9-206:52
	android:screenOrientation
		ADDED from src/main/AndroidManifest.xml:206:13-49
	android:name
		ADDED from src/main/AndroidManifest.xml:205:13-55
activity#com.material.components.activity.tabs.TabsIconLight
ADDED from src/main/AndroidManifest.xml:207:9-209:52
	android:screenOrientation
		ADDED from src/main/AndroidManifest.xml:209:13-49
	android:name
		ADDED from src/main/AndroidManifest.xml:208:13-56
activity#com.material.components.activity.tabs.TabsIconStack
ADDED from src/main/AndroidManifest.xml:210:9-212:52
	android:screenOrientation
		ADDED from src/main/AndroidManifest.xml:212:13-49
	android:name
		ADDED from src/main/AndroidManifest.xml:211:13-56
activity#com.material.components.activity.stepper.StepperDots
ADDED from src/main/AndroidManifest.xml:213:9-215:52
	android:screenOrientation
		ADDED from src/main/AndroidManifest.xml:215:13-49
	android:name
		ADDED from src/main/AndroidManifest.xml:214:13-57
activity#com.material.components.activity.stepper.StepperWizardColor
ADDED from src/main/AndroidManifest.xml:216:9-218:52
	android:screenOrientation
		ADDED from src/main/AndroidManifest.xml:218:13-49
	android:name
		ADDED from src/main/AndroidManifest.xml:217:13-64
activity#com.material.components.activity.progressactivity.ProgressCircleCenter
ADDED from src/main/AndroidManifest.xml:219:9-221:52
	android:screenOrientation
		ADDED from src/main/AndroidManifest.xml:221:13-49
	android:name
		ADDED from src/main/AndroidManifest.xml:220:13-75
activity#com.material.components.activity.progressactivity.ProgressLinearTop
ADDED from src/main/AndroidManifest.xml:222:9-224:52
	android:screenOrientation
		ADDED from src/main/AndroidManifest.xml:224:13-49
	android:name
		ADDED from src/main/AndroidManifest.xml:223:13-72
activity#com.material.components.activity.picker.PickerColor
ADDED from src/main/AndroidManifest.xml:225:9-227:52
	android:screenOrientation
		ADDED from src/main/AndroidManifest.xml:227:13-49
	android:name
		ADDED from src/main/AndroidManifest.xml:226:13-56
activity#com.material.components.activity.picker.PickerLocation
ADDED from src/main/AndroidManifest.xml:228:9-230:52
	android:screenOrientation
		ADDED from src/main/AndroidManifest.xml:230:13-49
	android:name
		ADDED from src/main/AndroidManifest.xml:229:13-59
activity#com.material.components.activity.menu.MenuOverflowToolbar
ADDED from src/main/AndroidManifest.xml:231:9-233:52
	android:screenOrientation
		ADDED from src/main/AndroidManifest.xml:233:13-49
	android:name
		ADDED from src/main/AndroidManifest.xml:232:13-62
activity#com.material.components.activity.menu.MenuOverflowList
ADDED from src/main/AndroidManifest.xml:234:9-236:52
	android:screenOrientation
		ADDED from src/main/AndroidManifest.xml:236:13-49
	android:name
		ADDED from src/main/AndroidManifest.xml:235:13-59
activity#com.material.components.activity.list.ListMultiSelection
ADDED from src/main/AndroidManifest.xml:237:9-239:52
	android:screenOrientation
		ADDED from src/main/AndroidManifest.xml:239:13-49
	android:name
		ADDED from src/main/AndroidManifest.xml:238:13-61
activity#com.material.components.activity.gridlist.GridTwoLine
ADDED from src/main/AndroidManifest.xml:240:9-242:52
	android:screenOrientation
		ADDED from src/main/AndroidManifest.xml:242:13-49
	android:name
		ADDED from src/main/AndroidManifest.xml:241:13-58
activity#com.material.components.activity.gridlist.GridAlbums
ADDED from src/main/AndroidManifest.xml:243:9-245:52
	android:screenOrientation
		ADDED from src/main/AndroidManifest.xml:245:13-49
	android:name
		ADDED from src/main/AndroidManifest.xml:244:13-57
activity#com.material.components.activity.dialog.DialogCustomInfo
ADDED from src/main/AndroidManifest.xml:246:9-248:52
	android:screenOrientation
		ADDED from src/main/AndroidManifest.xml:248:13-49
	android:name
		ADDED from src/main/AndroidManifest.xml:247:13-61
activity#com.material.components.activity.dialog.DialogCustomWarning
ADDED from src/main/AndroidManifest.xml:249:9-251:52
	android:screenOrientation
		ADDED from src/main/AndroidManifest.xml:251:13-49
	android:name
		ADDED from src/main/AndroidManifest.xml:250:13-64
activity#com.material.components.activity.dialog.DialogCustomLight
ADDED from src/main/AndroidManifest.xml:252:9-254:52
	android:screenOrientation
		ADDED from src/main/AndroidManifest.xml:254:13-49
	android:name
		ADDED from src/main/AndroidManifest.xml:253:13-62
activity#com.material.components.activity.dialog.DialogAddPost
ADDED from src/main/AndroidManifest.xml:255:9-257:52
	android:screenOrientation
		ADDED from src/main/AndroidManifest.xml:257:13-49
	android:name
		ADDED from src/main/AndroidManifest.xml:256:13-58
activity#com.material.components.activity.dialog.DialogCustomDark
ADDED from src/main/AndroidManifest.xml:258:9-260:52
	android:screenOrientation
		ADDED from src/main/AndroidManifest.xml:260:13-49
	android:name
		ADDED from src/main/AndroidManifest.xml:259:13-61
activity#com.material.components.activity.dialog.DialogAddReview
ADDED from src/main/AndroidManifest.xml:261:9-263:52
	android:screenOrientation
		ADDED from src/main/AndroidManifest.xml:263:13-49
	android:name
		ADDED from src/main/AndroidManifest.xml:262:13-60
activity#com.material.components.activity.chip.ChipTag
ADDED from src/main/AndroidManifest.xml:264:9-266:52
	android:screenOrientation
		ADDED from src/main/AndroidManifest.xml:266:13-49
	android:name
		ADDED from src/main/AndroidManifest.xml:265:13-50
activity#com.material.components.activity.card.CardOverlap
ADDED from src/main/AndroidManifest.xml:267:9-269:52
	android:screenOrientation
		ADDED from src/main/AndroidManifest.xml:269:13-49
	android:name
		ADDED from src/main/AndroidManifest.xml:268:13-54
activity#com.material.components.activity.card.CardWizard
ADDED from src/main/AndroidManifest.xml:270:9-272:52
	android:screenOrientation
		ADDED from src/main/AndroidManifest.xml:272:13-49
	android:name
		ADDED from src/main/AndroidManifest.xml:271:13-53
activity#com.material.components.activity.card.CardWizardLight
ADDED from src/main/AndroidManifest.xml:273:9-275:52
	android:screenOrientation
		ADDED from src/main/AndroidManifest.xml:275:13-49
	android:name
		ADDED from src/main/AndroidManifest.xml:274:13-58
activity#com.material.components.activity.button.FabMore
ADDED from src/main/AndroidManifest.xml:276:9-278:52
	android:screenOrientation
		ADDED from src/main/AndroidManifest.xml:278:13-49
	android:name
		ADDED from src/main/AndroidManifest.xml:277:13-52
activity#com.material.components.activity.button.FabMoreText